[debug] [2022-07-15T16:59:51.950Z] ----------------------------------------------------------------------
[debug] [2022-07-15T16:59:51.952Z] Command:       /usr/local/Cellar/node/16.5.0/bin/node /Users/timothystrzelecki/.npm-packages/bin/firebase deploy --only functions
[debug] [2022-07-15T16:59:51.953Z] CLI Version:   11.2.2
[debug] [2022-07-15T16:59:51.953Z] Platform:      darwin
[debug] [2022-07-15T16:59:51.953Z] Node Version:  v16.5.0
[debug] [2022-07-15T16:59:51.954Z] Time:          Fri Jul 15 2022 12:59:51 GMT-0400 (Eastern Daylight Time)
[debug] [2022-07-15T16:59:51.954Z] ----------------------------------------------------------------------
[debug] 
[debug] [2022-07-15T16:59:52.027Z] > command requires scopes: ["email","openid","https://www.googleapis.com/auth/cloudplatformprojects.readonly","https://www.googleapis.com/auth/firebase","https://www.googleapis.com/auth/cloud-platform"]
[debug] [2022-07-15T16:59:52.028Z] > authorizing via signed-in user (timstrze@gmail.com)
[debug] [2022-07-15T16:59:52.028Z] [iam] checking project alola-properties for permissions ["cloudfunctions.functions.create","cloudfunctions.functions.delete","cloudfunctions.functions.get","cloudfunctions.functions.list","cloudfunctions.functions.update","cloudfunctions.operations.get","firebase.projects.get"]
[debug] [2022-07-15T16:59:52.031Z] > refreshing access token with scopes: []
[debug] [2022-07-15T16:59:52.033Z] >>> [apiv2][query] POST https://www.googleapis.com/oauth2/v3/token [none]
[debug] [2022-07-15T16:59:52.033Z] >>> [apiv2][body] POST https://www.googleapis.com/oauth2/v3/token [omitted]
[debug] [2022-07-15T16:59:52.194Z] <<< [apiv2][status] POST https://www.googleapis.com/oauth2/v3/token 200
[debug] [2022-07-15T16:59:52.195Z] <<< [apiv2][body] POST https://www.googleapis.com/oauth2/v3/token [omitted]
[debug] [2022-07-15T16:59:52.216Z] >>> [apiv2][query] POST https://cloudresourcemanager.googleapis.com/v1/projects/alola-properties:testIamPermissions [none]
[debug] [2022-07-15T16:59:52.216Z] >>> [apiv2][body] POST https://cloudresourcemanager.googleapis.com/v1/projects/alola-properties:testIamPermissions {"permissions":["cloudfunctions.functions.create","cloudfunctions.functions.delete","cloudfunctions.functions.get","cloudfunctions.functions.list","cloudfunctions.functions.update","cloudfunctions.operations.get","firebase.projects.get"]}
[debug] [2022-07-15T16:59:52.353Z] <<< [apiv2][status] POST https://cloudresourcemanager.googleapis.com/v1/projects/alola-properties:testIamPermissions 200
[debug] [2022-07-15T16:59:52.353Z] <<< [apiv2][body] POST https://cloudresourcemanager.googleapis.com/v1/projects/alola-properties:testIamPermissions {"permissions":["cloudfunctions.functions.create","cloudfunctions.functions.delete","cloudfunctions.functions.get","cloudfunctions.functions.list","cloudfunctions.functions.update","cloudfunctions.operations.get","firebase.projects.get"]}
[debug] [2022-07-15T16:59:52.354Z] >>> [apiv2][query] POST https://iam.googleapis.com/v1/projects/alola-properties/serviceAccounts/alola-properties@appspot.gserviceaccount.com:testIamPermissions [none]
[debug] [2022-07-15T16:59:52.354Z] >>> [apiv2][body] POST https://iam.googleapis.com/v1/projects/alola-properties/serviceAccounts/alola-properties@appspot.gserviceaccount.com:testIamPermissions {"permissions":["iam.serviceAccounts.actAs"]}
[debug] [2022-07-15T16:59:52.481Z] <<< [apiv2][status] POST https://iam.googleapis.com/v1/projects/alola-properties/serviceAccounts/alola-properties@appspot.gserviceaccount.com:testIamPermissions 200
[debug] [2022-07-15T16:59:52.482Z] <<< [apiv2][body] POST https://iam.googleapis.com/v1/projects/alola-properties/serviceAccounts/alola-properties@appspot.gserviceaccount.com:testIamPermissions {"permissions":["iam.serviceAccounts.actAs"]}
[info] 
[info] === Deploying to 'alola-properties'...
[info] 
[info] i  deploying functions 
[info] Running command: npm --prefix "$RESOURCE_DIR" run lint
[info] Running command: npm --prefix "$RESOURCE_DIR" run build
[info] ✔  functions: Finished running predeploy script. 
[debug] [2022-07-15T17:00:10.497Z] >>> [apiv2][query] GET https://firebase.googleapis.com/v1beta1/projects/alola-properties [none]
[debug] [2022-07-15T17:00:10.854Z] <<< [apiv2][status] GET https://firebase.googleapis.com/v1beta1/projects/alola-properties 200
[debug] [2022-07-15T17:00:10.854Z] <<< [apiv2][body] GET https://firebase.googleapis.com/v1beta1/projects/alola-properties {"projectId":"alola-properties","projectNumber":"612013101956","displayName":"Alola properties ","name":"projects/alola-properties","resources":{"hostingSite":"alola-properties","storageBucket":"alola-properties.appspot.com","locationId":"us-east1"},"state":"ACTIVE"}
[info] i  functions: ensuring required API cloudfunctions.googleapis.com is enabled... 
[info] i  functions: ensuring required API cloudbuild.googleapis.com is enabled... 
[info] i  artifactregistry: ensuring required API artifactregistry.googleapis.com is enabled... 
[debug] [2022-07-15T17:00:10.856Z] >>> [apiv2][query] GET https://serviceusage.googleapis.com/v1/projects/alola-properties/services/cloudfunctions.googleapis.com [none]
[debug] [2022-07-15T17:00:10.858Z] >>> [apiv2][query] GET https://serviceusage.googleapis.com/v1/projects/alola-properties/services/runtimeconfig.googleapis.com [none]
[debug] [2022-07-15T17:00:10.859Z] >>> [apiv2][query] GET https://serviceusage.googleapis.com/v1/projects/alola-properties/services/cloudbuild.googleapis.com [none]
[debug] [2022-07-15T17:00:10.860Z] >>> [apiv2][query] GET https://serviceusage.googleapis.com/v1/projects/alola-properties/services/artifactregistry.googleapis.com [none]
[debug] [2022-07-15T17:00:11.263Z] <<< [apiv2][status] GET https://serviceusage.googleapis.com/v1/projects/alola-properties/services/runtimeconfig.googleapis.com 200
[debug] [2022-07-15T17:00:11.263Z] <<< [apiv2][body] GET https://serviceusage.googleapis.com/v1/projects/alola-properties/services/runtimeconfig.googleapis.com [omitted]
[debug] [2022-07-15T17:00:11.266Z] <<< [apiv2][status] GET https://serviceusage.googleapis.com/v1/projects/alola-properties/services/cloudbuild.googleapis.com 200
[debug] [2022-07-15T17:00:11.270Z] <<< [apiv2][body] GET https://serviceusage.googleapis.com/v1/projects/alola-properties/services/cloudbuild.googleapis.com [omitted]
[warn] ⚠  functions: missing required API cloudbuild.googleapis.com. Enabling now... 
[debug] [2022-07-15T17:00:11.271Z] >>> [apiv2][query] POST https://serviceusage.googleapis.com/v1/projects/alola-properties/services/cloudbuild.googleapis.com:enable [none]
[debug] [2022-07-15T17:00:11.273Z] <<< [apiv2][status] GET https://serviceusage.googleapis.com/v1/projects/alola-properties/services/artifactregistry.googleapis.com 200
[debug] [2022-07-15T17:00:11.274Z] <<< [apiv2][body] GET https://serviceusage.googleapis.com/v1/projects/alola-properties/services/artifactregistry.googleapis.com [omitted]
[warn] ⚠  artifactregistry: missing required API artifactregistry.googleapis.com. Enabling now... 
[debug] [2022-07-15T17:00:11.274Z] >>> [apiv2][query] POST https://serviceusage.googleapis.com/v1/projects/alola-properties/services/artifactregistry.googleapis.com:enable [none]
[debug] [2022-07-15T17:00:11.286Z] <<< [apiv2][status] GET https://serviceusage.googleapis.com/v1/projects/alola-properties/services/cloudfunctions.googleapis.com 200
[debug] [2022-07-15T17:00:11.287Z] <<< [apiv2][body] GET https://serviceusage.googleapis.com/v1/projects/alola-properties/services/cloudfunctions.googleapis.com [omitted]
[info] ✔  functions: required API cloudfunctions.googleapis.com is enabled 
[debug] [2022-07-15T17:00:12.355Z] <<< [apiv2][status] POST https://serviceusage.googleapis.com/v1/projects/alola-properties/services/cloudbuild.googleapis.com:enable 200
[debug] [2022-07-15T17:00:12.355Z] <<< [apiv2][body] POST https://serviceusage.googleapis.com/v1/projects/alola-properties/services/cloudbuild.googleapis.com:enable [omitted]
[debug] [2022-07-15T17:00:12.404Z] <<< [apiv2][status] POST https://serviceusage.googleapis.com/v1/projects/alola-properties/services/artifactregistry.googleapis.com:enable 200
[debug] [2022-07-15T17:00:12.405Z] <<< [apiv2][body] POST https://serviceusage.googleapis.com/v1/projects/alola-properties/services/artifactregistry.googleapis.com:enable [omitted]
[debug] [2022-07-15T17:00:22.360Z] >>> [apiv2][query] GET https://serviceusage.googleapis.com/v1/projects/alola-properties/services/cloudbuild.googleapis.com [none]
[debug] [2022-07-15T17:00:22.406Z] >>> [apiv2][query] GET https://serviceusage.googleapis.com/v1/projects/alola-properties/services/artifactregistry.googleapis.com [none]
[debug] [2022-07-15T17:00:22.790Z] <<< [apiv2][status] GET https://serviceusage.googleapis.com/v1/projects/alola-properties/services/cloudbuild.googleapis.com 200
[debug] [2022-07-15T17:00:22.791Z] <<< [apiv2][body] GET https://serviceusage.googleapis.com/v1/projects/alola-properties/services/cloudbuild.googleapis.com [omitted]
[info] i  functions: waiting for API cloudbuild.googleapis.com to activate... 
[debug] [2022-07-15T17:00:22.806Z] <<< [apiv2][status] GET https://serviceusage.googleapis.com/v1/projects/alola-properties/services/artifactregistry.googleapis.com 200
[debug] [2022-07-15T17:00:22.806Z] <<< [apiv2][body] GET https://serviceusage.googleapis.com/v1/projects/alola-properties/services/artifactregistry.googleapis.com [omitted]
[info] ✔  artifactregistry: required API artifactregistry.googleapis.com is enabled 
[debug] [2022-07-15T17:00:32.791Z] >>> [apiv2][query] GET https://serviceusage.googleapis.com/v1/projects/alola-properties/services/cloudbuild.googleapis.com [none]
[debug] [2022-07-15T17:00:33.150Z] <<< [apiv2][status] GET https://serviceusage.googleapis.com/v1/projects/alola-properties/services/cloudbuild.googleapis.com 200
[debug] [2022-07-15T17:00:33.151Z] <<< [apiv2][body] GET https://serviceusage.googleapis.com/v1/projects/alola-properties/services/cloudbuild.googleapis.com [omitted]
[info] i  functions: waiting for API cloudbuild.googleapis.com to activate... 
[debug] [2022-07-15T17:00:43.153Z] >>> [apiv2][query] GET https://serviceusage.googleapis.com/v1/projects/alola-properties/services/cloudbuild.googleapis.com [none]
[debug] [2022-07-15T17:00:43.507Z] <<< [apiv2][status] GET https://serviceusage.googleapis.com/v1/projects/alola-properties/services/cloudbuild.googleapis.com 200
[debug] [2022-07-15T17:00:43.507Z] <<< [apiv2][body] GET https://serviceusage.googleapis.com/v1/projects/alola-properties/services/cloudbuild.googleapis.com [omitted]
[info] i  functions: waiting for API cloudbuild.googleapis.com to activate... 
[debug] [2022-07-15T17:00:53.509Z] >>> [apiv2][query] GET https://serviceusage.googleapis.com/v1/projects/alola-properties/services/cloudbuild.googleapis.com [none]
[debug] [2022-07-15T17:00:53.858Z] <<< [apiv2][status] GET https://serviceusage.googleapis.com/v1/projects/alola-properties/services/cloudbuild.googleapis.com 200
[debug] [2022-07-15T17:00:53.859Z] <<< [apiv2][body] GET https://serviceusage.googleapis.com/v1/projects/alola-properties/services/cloudbuild.googleapis.com [omitted]
[info] i  functions: waiting for API cloudbuild.googleapis.com to activate... 
[debug] [2022-07-15T17:01:03.864Z] >>> [apiv2][query] GET https://serviceusage.googleapis.com/v1/projects/alola-properties/services/cloudbuild.googleapis.com [none]
[debug] [2022-07-15T17:01:04.305Z] <<< [apiv2][status] GET https://serviceusage.googleapis.com/v1/projects/alola-properties/services/cloudbuild.googleapis.com 200
[debug] [2022-07-15T17:01:04.306Z] <<< [apiv2][body] GET https://serviceusage.googleapis.com/v1/projects/alola-properties/services/cloudbuild.googleapis.com [omitted]
[info] i  functions: waiting for API cloudbuild.googleapis.com to activate... 
